This is pdfTeX, Version 3.141592653-2.6-1.40.22 (MiKTeX 21.3) (preloaded format=pdflatex 2021.4.8)  13 APR 2021 18:24
entering extended mode
**./Relatorio_ICA_Trab1_RedesNeurais.tex
(Relatorio_ICA_Trab1_RedesNeurais.tex
LaTeX2e <2020-10-01> patch level 4
L3 programming layer <2021-02-18>
(C:\Users\matno\AppData\Local\Programs\MiKTeX\tex/latex/base\article.cls
Document Class: article 2020/04/10 v1.4m Standard LaTeX document class
(C:\Users\matno\AppData\Local\Programs\MiKTeX\tex/latex/base\size12.clo
File: size12.clo 2020/04/10 v1.4m Standard LaTeX file (size option)
)
\c@part=\count179
\c@section=\count180
\c@subsection=\count181
\c@subsubsection=\count182
\c@paragraph=\count183
\c@subparagraph=\count184
\c@figure=\count185
\c@table=\count186
\abovecaptionskip=\skip47
\belowcaptionskip=\skip48
\bibindent=\dimen138
)
(C:\Users\matno\AppData\Local\Programs\MiKTeX\tex/latex/base\inputenc.sty
Package: inputenc 2020/08/01 v1.3d Input encoding file
\inpenc@prehook=\toks15
\inpenc@posthook=\toks16
)
(C:\Users\matno\AppData\Local\Programs\MiKTeX\tex/generic/babel\babel.sty
Package: babel 2021/03/24 3.56 The Babel package

(C:\Users\matno\AppData\Local\Programs\MiKTeX\tex/generic/babel\babel.def
File: babel.def 2021/03/24 3.56 Babel common definitions
\babel@savecnt=\count187
\U@D=\dimen139
\l@babelnohyphens=\language79

(C:\Users\matno\AppData\Local\Programs\MiKTeX\tex/generic/babel\txtbabel.def)
\bbl@readstream=\read2
)
\bbl@dirlevel=\count188

*************************************
* Local config file bblopts.cfg used
*
(C:\Users\matno\AppData\Local\Programs\MiKTeX\tex/latex/arabi\bblopts.cfg
File: bblopts.cfg 2005/09/08 v0.1 add Arabic and Farsi to "declared" options of
 babel
)
(C:\Users\matno\AppData\Local\Programs\MiKTeX\tex/latex/babel-portuges\brazil.l
df
Language: portuges 2021/02/04 v1.2s Portuguese support from the babel system
Package babel Info: \l@brazil = using hyphenrules for portuguese
(babel)             (\language56) on input line 111.
Package babel Info: Making " an active character on input line 143.
))
(C:\Users\matno\AppData\Local\Programs\MiKTeX\tex/latex/geometry\geometry.sty
Package: geometry 2020/01/02 v5.9 Page Geometry

(C:\Users\matno\AppData\Local\Programs\MiKTeX\tex/latex/graphics\keyval.sty
Package: keyval 2014/10/28 v1.15 key=value parser (DPC)
\KV@toks@=\toks17
)
(C:\Users\matno\AppData\Local\Programs\MiKTeX\tex/generic/iftex\ifvtex.sty
Package: ifvtex 2019/10/25 v1.7 ifvtex legacy package. Use iftex instead.

(C:\Users\matno\AppData\Local\Programs\MiKTeX\tex/generic/iftex\iftex.sty
Package: iftex 2020/03/06 v1.0d TeX engine tests
))
\Gm@cnth=\count189
\Gm@cntv=\count190
\c@Gm@tempcnt=\count191
\Gm@bindingoffset=\dimen140
\Gm@wd@mp=\dimen141
\Gm@odd@mp=\dimen142
\Gm@even@mp=\dimen143
\Gm@layoutwidth=\dimen144
\Gm@layoutheight=\dimen145
\Gm@layouthoffset=\dimen146
\Gm@layoutvoffset=\dimen147
\Gm@dimlist=\toks18

(C:\Users\matno\AppData\Local\Programs\MiKTeX\tex/latex/geometry\geometry.cfg))
(C:\Users\matno\AppData\Local\Programs\MiKTeX\tex/latex/amsmath\amsmath.sty
Package: amsmath 2020/09/23 v2.17i AMS math features
\@mathmargin=\skip49

For additional information on amsmath, use the `?' option.
(C:\Users\matno\AppData\Local\Programs\MiKTeX\tex/latex/amsmath\amstext.sty
Package: amstext 2000/06/29 v2.01 AMS text

(C:\Users\matno\AppData\Local\Programs\MiKTeX\tex/latex/amsmath\amsgen.sty
File: amsgen.sty 1999/11/30 v2.0 generic functions
\@emptytoks=\toks19
\ex@=\dimen148
))
(C:\Users\matno\AppData\Local\Programs\MiKTeX\tex/latex/amsmath\amsbsy.sty
Package: amsbsy 1999/11/29 v1.2d Bold Symbols
\pmbraise@=\dimen149
)
(C:\Users\matno\AppData\Local\Programs\MiKTeX\tex/latex/amsmath\amsopn.sty
Package: amsopn 2016/03/08 v2.02 operator names
)
\inf@bad=\count192
LaTeX Info: Redefining \frac on input line 234.
\uproot@=\count193
\leftroot@=\count194
LaTeX Info: Redefining \overline on input line 399.
\classnum@=\count195
\DOTSCASE@=\count196
LaTeX Info: Redefining \ldots on input line 496.
LaTeX Info: Redefining \dots on input line 499.
LaTeX Info: Redefining \cdots on input line 620.
\Mathstrutbox@=\box47
\strutbox@=\box48
\big@size=\dimen150
LaTeX Font Info:    Redeclaring font encoding OML on input line 743.
LaTeX Font Info:    Redeclaring font encoding OMS on input line 744.
\macc@depth=\count197
\c@MaxMatrixCols=\count198
\dotsspace@=\muskip16
\c@parentequation=\count199
\dspbrk@lvl=\count266
\tag@help=\toks20
\row@=\count267
\column@=\count268
\maxfields@=\count269
\andhelp@=\toks21
\eqnshift@=\dimen151
\alignsep@=\dimen152
\tagshift@=\dimen153
\tagwidth@=\dimen154
\totwidth@=\dimen155
\lineht@=\dimen156
\@envbody=\toks22
\multlinegap=\skip50
\multlinetaggap=\skip51
\mathdisplay@stack=\toks23
LaTeX Info: Redefining \[ on input line 2923.
LaTeX Info: Redefining \] on input line 2924.
)
(C:\Users\matno\AppData\Local\Programs\MiKTeX\tex/latex/graphics\graphicx.sty
Package: graphicx 2020/09/09 v1.2b Enhanced LaTeX Graphics (DPC,SPQR)

(C:\Users\matno\AppData\Local\Programs\MiKTeX\tex/latex/graphics\graphics.sty
Package: graphics 2020/08/30 v1.4c Standard LaTeX Graphics (DPC,SPQR)

(C:\Users\matno\AppData\Local\Programs\MiKTeX\tex/latex/graphics\trig.sty
Package: trig 2016/01/03 v1.10 sin cos tan (DPC)
)
(C:\Users\matno\AppData\Local\Programs\MiKTeX\tex/latex/graphics-cfg\graphics.c
fg
File: graphics.cfg 2016/06/04 v1.11 sample graphics configuration
)
Package graphics Info: Driver file: pdftex.def on input line 105.

(C:\Users\matno\AppData\Local\Programs\MiKTeX\tex/latex/graphics-def\pdftex.def
File: pdftex.def 2020/10/05 v1.2a Graphics/color driver for pdftex
))
\Gin@req@height=\dimen157
\Gin@req@width=\dimen158
) (C:\Users\matno\AppData\Local\Programs\MiKTeX\tex/latex/float\float.sty
Package: float 2001/11/08 v1.3d Float enhancements (AL)
\c@float@type=\count270
\float@exts=\toks24
\float@box=\box49
\@float@everytoks=\toks25
\@floatcapt=\box50
)
(C:\Users\matno\AppData\Local\Programs\MiKTeX\tex/latex/multirow\multirow.sty
Package: multirow 2021/03/15 v2.8 Span multiple rows of a table
\multirow@colwidth=\skip52
\multirow@cntb=\count271
\multirow@dima=\skip53
\bigstrutjot=\dimen159
)
(C:\Users\matno\AppData\Local\Programs\MiKTeX\tex/latex/preprint\authblk.sty
Package: authblk 2001/02/27 1.3 (PWD)
\affilsep=\skip54
\@affilsep=\skip55
\c@Maxaffil=\count272
\c@authors=\count273
\c@affil=\count274
)
(C:\Users\matno\AppData\Local\Programs\MiKTeX\tex/latex/fancyhdr\fancyhdr.sty
Package: fancyhdr 2021/01/28 v4.0.1 Extensive control of page headers and foote
rs
\f@nch@headwidth=\skip56
\f@nch@O@elh=\skip57
\f@nch@O@erh=\skip58
\f@nch@O@olh=\skip59
\f@nch@O@orh=\skip60
\f@nch@O@elf=\skip61
\f@nch@O@erf=\skip62
\f@nch@O@olf=\skip63
\f@nch@O@orf=\skip64
)
(C:\Users\matno\AppData\Local\Programs\MiKTeX\tex/latex/xcolor\xcolor.sty
Package: xcolor 2016/05/11 v2.12 LaTeX color extensions (UK)

(C:\Users\matno\AppData\Local\Programs\MiKTeX\tex/latex/graphics-cfg\color.cfg
File: color.cfg 2016/01/02 v1.6 sample color configuration
)
Package xcolor Info: Driver file: pdftex.def on input line 225.
Package xcolor Info: Model `cmy' substituted by `cmy0' on input line 1348.
Package xcolor Info: Model `hsb' substituted by `rgb' on input line 1352.
Package xcolor Info: Model `RGB' extended on input line 1364.
Package xcolor Info: Model `HTML' substituted by `rgb' on input line 1366.
Package xcolor Info: Model `Hsb' substituted by `hsb' on input line 1367.
Package xcolor Info: Model `tHsb' substituted by `hsb' on input line 1368.
Package xcolor Info: Model `HSB' substituted by `hsb' on input line 1369.
Package xcolor Info: Model `Gray' substituted by `gray' on input line 1370.
Package xcolor Info: Model `wave' substituted by `hsb' on input line 1371.
)
(C:\Users\matno\AppData\Local\Programs\MiKTeX\tex/latex/l3backend\l3backend-pdf
tex.def
File: l3backend-pdftex.def 2021-03-18 L3 backend support: PDF output (pdfTeX)
\l__color_backend_stack_int=\count275
\l__pdf_internal_box=\box51
) (Relatorio_ICA_Trab1_RedesNeurais.aux)
\openout1 = `Relatorio_ICA_Trab1_RedesNeurais.aux'.

LaTeX Font Info:    Checking defaults for OML/cmm/m/it on input line 27.
LaTeX Font Info:    ... okay on input line 27.
LaTeX Font Info:    Checking defaults for OMS/cmsy/m/n on input line 27.
LaTeX Font Info:    ... okay on input line 27.
LaTeX Font Info:    Checking defaults for OT1/cmr/m/n on input line 27.
LaTeX Font Info:    ... okay on input line 27.
LaTeX Font Info:    Checking defaults for T1/cmr/m/n on input line 27.
LaTeX Font Info:    ... okay on input line 27.
LaTeX Font Info:    Checking defaults for TS1/cmr/m/n on input line 27.
LaTeX Font Info:    ... okay on input line 27.
LaTeX Font Info:    Checking defaults for OMX/cmex/m/n on input line 27.
LaTeX Font Info:    ... okay on input line 27.
LaTeX Font Info:    Checking defaults for U/cmr/m/n on input line 27.
LaTeX Font Info:    ... okay on input line 27.

*geometry* driver: auto-detecting
*geometry* detected driver: pdftex
*geometry* verbose mode - [ preamble ] result:
* driver: pdftex
* paper: a4paper
* layout: <same size as paper>
* layoutoffset:(h,v)=(0.0pt,0.0pt)
* modes: 
* h-part:(L,W,R)=(85.35826pt, 455.24411pt, 56.9055pt)
* v-part:(T,H,B)=(71.13188pt, 702.78308pt, 71.13188pt)
* \paperwidth=597.50787pt
* \paperheight=845.04684pt
* \textwidth=455.24411pt
* \textheight=702.78308pt
* \oddsidemargin=13.08827pt
* \evensidemargin=13.08827pt
* \topmargin=-38.1381pt
* \headheight=12.0pt
* \headsep=25.0pt
* \topskip=12.0pt
* \footskip=30.0pt
* \marginparwidth=44.0pt
* \marginparsep=10.0pt
* \columnsep=10.0pt
* \skip\footins=10.8pt plus 4.0pt minus 2.0pt
* \hoffset=0.0pt
* \voffset=0.0pt
* \mag=1000
* \@twocolumnfalse
* \@twosidefalse
* \@mparswitchfalse
* \@reversemarginfalse
* (1in=72.27pt=25.4mm, 1cm=28.453pt)


(C:\Users\matno\AppData\Local\Programs\MiKTeX\tex/context/base/mkii\supp-pdf.mk
ii
[Loading MPS to PDF converter (version 2006.09.02).]
\scratchcounter=\count276
\scratchdimen=\dimen160
\scratchbox=\box52
\nofMPsegments=\count277
\nofMParguments=\count278
\everyMPshowfont=\toks26
\MPscratchCnt=\count279
\MPscratchDim=\dimen161
\MPnumerator=\count280
\makeMPintoPDFobject=\count281
\everyMPtoPDFconversion=\toks27
)
(C:\Users\matno\AppData\Local\Programs\MiKTeX\tex/latex/epstopdf-pkg\epstopdf-b
ase.sty
Package: epstopdf-base 2020-01-24 v2.11 Base part for package epstopdf
Package epstopdf-base Info: Redefining graphics rule for `.eps' on input line 4
85.

(C:\Users\matno\AppData\Local\Programs\MiKTeX\tex/latex/00miktex\epstopdf-sys.c
fg
File: epstopdf-sys.cfg 2021/03/18 v2.0 Configuration of epstopdf for MiKTeX
)) (Relatorio_ICA_Trab1_RedesNeurais.toc [1

{C:/Users/matno/AppData/Local/MiKTeX/pdftex/config/pdftex.map}])
\tf@toc=\write3
\openout3 = `Relatorio_ICA_Trab1_RedesNeurais.toc'.



Package fancyhdr Warning: \headheight is too small (12.0pt): 
(fancyhdr)                Make it at least 14.49998pt, for example:
(fancyhdr)                \setlength{\headheight}{14.49998pt}.
(fancyhdr)                You might also make \topmargin smaller to compensate:

(fancyhdr)                \addtolength{\topmargin}{-2.49998pt}.

[2]
<../pairplot0a7.png, id=13, 1306.8825pt x 1264.725pt>
File: ../pairplot0a7.png Graphic file (type png)
<use ../pairplot0a7.png>
Package pdftex.def Info: ../pairplot0a7.png  used on input line 54.
(pdftex.def)             Requested size: 500.77129pt x 484.6145pt.

Overfull \hbox (45.52718pt too wide) in paragraph at lines 54--55
 [][] 
 []


Package fancyhdr Warning: \headheight is too small (12.0pt): 
(fancyhdr)                Make it at least 14.49998pt, for example:
(fancyhdr)                \setlength{\headheight}{14.49998pt}.
(fancyhdr)                You might also make \topmargin smaller to compensate:

(fancyhdr)                \addtolength{\topmargin}{-2.49998pt}.

[3]
<../pairplot21a28.png, id=18, 1306.8825pt x 1264.725pt>
File: ../pairplot21a28.png Graphic file (type png)
<use ../pairplot21a28.png>
Package pdftex.def Info: ../pairplot21a28.png  used on input line 63.
(pdftex.def)             Requested size: 500.77129pt x 484.6145pt.

Overfull \hbox (45.52718pt too wide) in paragraph at lines 63--64
 [][] 
 []


Package fancyhdr Warning: \headheight is too small (12.0pt): 
(fancyhdr)                Make it at least 14.49998pt, for example:
(fancyhdr)                \setlength{\headheight}{14.49998pt}.
(fancyhdr)                You might also make \topmargin smaller to compensate:

(fancyhdr)                \addtolength{\topmargin}{-2.49998pt}.

[4 <../pairplot0a7.png>]
Overfull \hbox (3.94032pt too wide) in paragraph at lines 72--72
\OT1/cmr/bx/n/14.4 tido, ba-se-ado nas metricas de ava-liac~ao dis-ponveis 
(acuracia,
 []

<Imagens/SumarioModeloNaoNormalziado.png, id=23, 394.47375pt x 168.63pt>
File: Imagens/SumarioModeloNaoNormalziado.png Graphic file (type png)
<use Imagens/SumarioModeloNaoNormalziado.png>
Package pdftex.def Info: Imagens/SumarioModeloNaoNormalziado.png  used on input
 line 78.
(pdftex.def)             Requested size: 318.66948pt x 136.22417pt.

Package fancyhdr Warning: \headheight is too small (12.0pt): 
(fancyhdr)                Make it at least 14.49998pt, for example:
(fancyhdr)                \setlength{\headheight}{14.49998pt}.
(fancyhdr)                You might also make \topmargin smaller to compensate:

(fancyhdr)                \addtolength{\topmargin}{-2.49998pt}.

[5 <../pairplot21a28.png>]
<Imagens/Fit_NaoNormalizado.png, id=28, 777.1434pt x 542.025pt>
File: Imagens/Fit_NaoNormalizado.png Graphic file (type png)
<use Imagens/Fit_NaoNormalizado.png>
Package pdftex.def Info: Imagens/Fit_NaoNormalizado.png  used on input line 89.

(pdftex.def)             Requested size: 500.77129pt x 349.26848pt.

Overfull \hbox (45.52718pt too wide) in paragraph at lines 89--90
 [][] 
 []


Package fancyhdr Warning: \headheight is too small (12.0pt): 
(fancyhdr)                Make it at least 14.49998pt, for example:
(fancyhdr)                \setlength{\headheight}{14.49998pt}.
(fancyhdr)                You might also make \topmargin smaller to compensate:

(fancyhdr)                \addtolength{\topmargin}{-2.49998pt}.

[6 <./Imagens/SumarioModeloNaoNormalziado.png>]
<Imagens/resultadoNaoNormalizado.png, id=33, 348.55219pt x 164.86594pt>
File: Imagens/resultadoNaoNormalizado.png Graphic file (type png)
<use Imagens/resultadoNaoNormalizado.png>
Package pdftex.def Info: Imagens/resultadoNaoNormalizado.png  used on input lin
e 96.
(pdftex.def)             Requested size: 318.66948pt x 150.73763pt.


Package fancyhdr Warning: \headheight is too small (12.0pt): 
(fancyhdr)                Make it at least 14.49998pt, for example:
(fancyhdr)                \setlength{\headheight}{14.49998pt}.
(fancyhdr)                You might also make \topmargin smaller to compensate:

(fancyhdr)                \addtolength{\topmargin}{-2.49998pt}.

[7 <./Imagens/Fit_NaoNormalizado.png> <./Imagens/resultadoNaoNormalizado.png>]

LaTeX Warning: Reference `testelivre' on page 8 undefined on input line 103.

<Imagens/ConfusionMatrizNaoNormalizado.png, id=40, 293.59688pt x 240.14719pt>
File: Imagens/ConfusionMatrizNaoNormalizado.png Graphic file (type png)
<use Imagens/ConfusionMatrizNaoNormalizado.png>
Package pdftex.def Info: Imagens/ConfusionMatrizNaoNormalizado.png  used on inp
ut line 112.
(pdftex.def)             Requested size: 227.62206pt x 186.18175pt.

Package fancyhdr Warning: \headheight is too small (12.0pt): 
(fancyhdr)                Make it at least 14.49998pt, for example:
(fancyhdr)                \setlength{\headheight}{14.49998pt}.
(fancyhdr)                You might also make \topmargin smaller to compensate:

(fancyhdr)                \addtolength{\topmargin}{-2.49998pt}.

[8]
<Imagens/Fit_Normalizada.png, id=44, 755.4624pt x 542.025pt>
File: Imagens/Fit_Normalizada.png Graphic file (type png)
<use Imagens/Fit_Normalizada.png>
Package pdftex.def Info: Imagens/Fit_Normalizada.png  used on input line 130.
(pdftex.def)             Requested size: 500.77129pt x 359.30075pt.

Overfull \hbox (45.52718pt too wide) in paragraph at lines 130--131
 [][] 
 []

<Imagens/resultadoNormalizada.png, id=45, 335.75438pt x 175.40532pt>
File: Imagens/resultadoNormalizada.png Graphic file (type png)
<use Imagens/resultadoNormalizada.png>
Package pdftex.def Info: Imagens/resultadoNormalizada.png  used on input line 1
36.
(pdftex.def)             Requested size: 318.66948pt x 166.48154pt.

Package fancyhdr Warning: \headheight is too small (12.0pt): 
(fancyhdr)                Make it at least 14.49998pt, for example:
(fancyhdr)                \setlength{\headheight}{14.49998pt}.
(fancyhdr)                You might also make \topmargin smaller to compensate:

(fancyhdr)                \addtolength{\topmargin}{-2.49998pt}.

[9 <./Imagens/ConfusionMatrizNaoNormalizado.png>]

Package fancyhdr Warning: \headheight is too small (12.0pt): 
(fancyhdr)                Make it at least 14.49998pt, for example:
(fancyhdr)                \setlength{\headheight}{14.49998pt}.
(fancyhdr)                You might also make \topmargin smaller to compensate:

(fancyhdr)                \addtolength{\topmargin}{-2.49998pt}.

[10 <./Imagens/Fit_Normalizada.png> <./Imagens/resultadoNormalizada.png>]
<Imagens/ConfusionMatrizNormalizado.png, id=55, 295.1025pt x 252.945pt>
File: Imagens/ConfusionMatrizNormalizado.png Graphic file (type png)
<use Imagens/ConfusionMatrizNormalizado.png>
Package pdftex.def Info: Imagens/ConfusionMatrizNormalizado.png  used on input 
line 153.
(pdftex.def)             Requested size: 318.66948pt x 273.1495pt.


Package fancyhdr Warning: \headheight is too small (12.0pt): 
(fancyhdr)                Make it at least 14.49998pt, for example:
(fancyhdr)                \setlength{\headheight}{14.49998pt}.
(fancyhdr)                You might also make \topmargin smaller to compensate:

(fancyhdr)                \addtolength{\topmargin}{-2.49998pt}.

[11 <./Imagens/ConfusionMatrizNormalizado.png>]
<Imagens/validacao/fitvalidacao.png, id=60, 1117.776pt x 542.025pt>
File: Imagens/validacao/fitvalidacao.png Graphic file (type png)
<use Imagens/validacao/fitvalidacao.png>
Package pdftex.def Info: Imagens/validacao/fitvalidacao.png  used on input line
 171.
(pdftex.def)             Requested size: 500.77129pt x 242.8338pt.

Overfull \hbox (45.52718pt too wide) in paragraph at lines 171--172
 [][] 
 []

<Imagens/validacao/metricasvalidacao.png, id=61, 333.49594pt x 176.91093pt>
File: Imagens/validacao/metricasvalidacao.png Graphic file (type png)
<use Imagens/validacao/metricasvalidacao.png>
Package pdftex.def Info: Imagens/validacao/metricasvalidacao.png  used on input
 line 177.
(pdftex.def)             Requested size: 318.66948pt x 169.05782pt.
<Imagens/validacao/confusaovalidacao.png, id=62, 290.58563pt x 251.43938pt>
File: Imagens/validacao/confusaovalidacao.png Graphic file (type png)
<use Imagens/validacao/confusaovalidacao.png>
Package pdftex.def Info: Imagens/validacao/confusaovalidacao.png  used on input
 line 183.
(pdftex.def)             Requested size: 318.66948pt x 275.75928pt.

Package fancyhdr Warning: \headheight is too small (12.0pt): 
(fancyhdr)                Make it at least 14.49998pt, for example:
(fancyhdr)                \setlength{\headheight}{14.49998pt}.
(fancyhdr)                You might also make \topmargin smaller to compensate:

(fancyhdr)                \addtolength{\topmargin}{-2.49998pt}.

[12 <./Imagens/validacao/fitvalidacao.png> <./Imagens/validacao/metricasvalidac
ao.png>]

Package fancyhdr Warning: \headheight is too small (12.0pt): 
(fancyhdr)                Make it at least 14.49998pt, for example:
(fancyhdr)                \setlength{\headheight}{14.49998pt}.
(fancyhdr)                You might also make \topmargin smaller to compensate:

(fancyhdr)                \addtolength{\topmargin}{-2.49998pt}.

[13 <./Imagens/validacao/confusaovalidacao.png>]
<Imagens/5epocas/fit5epocas.png, id=73, 530.73282pt x 182.93344pt>
File: Imagens/5epocas/fit5epocas.png Graphic file (type png)
<use Imagens/5epocas/fit5epocas.png>
Package pdftex.def Info: Imagens/5epocas/fit5epocas.png  used on input line 206
.
(pdftex.def)             Requested size: 318.66948pt x 109.84184pt.
<Imagens/5epocas/metricas5epocas.png, id=74, 337.26pt x 174.6525pt>
File: Imagens/5epocas/metricas5epocas.png Graphic file (type png)
<use Imagens/5epocas/metricas5epocas.png>
Package pdftex.def Info: Imagens/5epocas/metricas5epocas.png  used on input lin
e 212.
(pdftex.def)             Requested size: 318.66948pt x 165.02882pt.
<Imagens/5epocas/confusao5epocas.png, id=75, 297.36093pt x 253.69781pt>
File: Imagens/5epocas/confusao5epocas.png Graphic file (type png)
<use Imagens/5epocas/confusao5epocas.png>
Package pdftex.def Info: Imagens/5epocas/confusao5epocas.png  used on input lin
e 218.
(pdftex.def)             Requested size: 318.66948pt x 271.8914pt.


Package fancyhdr Warning: \headheight is too small (12.0pt): 
(fancyhdr)                Make it at least 14.49998pt, for example:
(fancyhdr)                \setlength{\headheight}{14.49998pt}.
(fancyhdr)                You might also make \topmargin smaller to compensate:

(fancyhdr)                \addtolength{\topmargin}{-2.49998pt}.

[14 <./Imagens/5epocas/fit5epocas.png> <./Imagens/5epocas/metricas5epocas.png>]

Package fancyhdr Warning: \headheight is too small (12.0pt): 
(fancyhdr)                Make it at least 14.49998pt, for example:
(fancyhdr)                \setlength{\headheight}{14.49998pt}.
(fancyhdr)                You might also make \topmargin smaller to compensate:

(fancyhdr)                \addtolength{\topmargin}{-2.49998pt}.

[15 <./Imagens/5epocas/confusao5epocas.png>]
<Imagens/1000epocas/metricas1000epocas.png, id=85, 332.74312pt x 172.39406pt>
File: Imagens/1000epocas/metricas1000epocas.png Graphic file (type png)
<use Imagens/1000epocas/metricas1000epocas.png>
Package pdftex.def Info: Imagens/1000epocas/metricas1000epocas.png  used on inp
ut line 242.
(pdftex.def)             Requested size: 318.66948pt x 165.11235pt.
<Imagens/1000epocas/confusao1000epocas.png, id=86, 290.58563pt x 252.945pt>
File: Imagens/1000epocas/confusao1000epocas.png Graphic file (type png)
<use Imagens/1000epocas/confusao1000epocas.png>
Package pdftex.def Info: Imagens/1000epocas/confusao1000epocas.png  used on inp
ut line 248.
(pdftex.def)             Requested size: 318.66948pt x 277.41054pt.


Package fancyhdr Warning: \headheight is too small (12.0pt): 
(fancyhdr)                Make it at least 14.49998pt, for example:
(fancyhdr)                \setlength{\headheight}{14.49998pt}.
(fancyhdr)                You might also make \topmargin smaller to compensate:

(fancyhdr)                \addtolength{\topmargin}{-2.49998pt}.

[16 <./Imagens/1000epocas/metricas1000epocas.png> <./Imagens/1000epocas/confusa
o1000epocas.png>]
<Imagens/taxa0001/fittaxa0001.png, id=92, 783.4068pt x 542.025pt>
File: Imagens/taxa0001/fittaxa0001.png Graphic file (type png)
<use Imagens/taxa0001/fittaxa0001.png>
Package pdftex.def Info: Imagens/taxa0001/fittaxa0001.png  used on input line 2
69.
(pdftex.def)             Requested size: 500.77129pt x 346.48128pt.

Overfull \hbox (45.52718pt too wide) in paragraph at lines 269--270
 [][] 
 []

<Imagens/taxa0001/metricastaxa0001.png, id=93, 335.75438pt x 167.87718pt>
File: Imagens/taxa0001/metricastaxa0001.png Graphic file (type png)
<use Imagens/taxa0001/metricastaxa0001.png>
Package pdftex.def Info: Imagens/taxa0001/metricastaxa0001.png  used on input l
ine 275.
(pdftex.def)             Requested size: 318.66948pt x 159.3364pt.

Package fancyhdr Warning: \headheight is too small (12.0pt): 
(fancyhdr)                Make it at least 14.49998pt, for example:
(fancyhdr)                \setlength{\headheight}{14.49998pt}.
(fancyhdr)                You might also make \topmargin smaller to compensate:

(fancyhdr)                \addtolength{\topmargin}{-2.49998pt}.

[17]
<Imagens/taxa0001/confusaotaxa0001.png, id=97, 294.34969pt x 254.45062pt>
File: Imagens/taxa0001/confusaotaxa0001.png Graphic file (type png)
<use Imagens/taxa0001/confusaotaxa0001.png>
Package pdftex.def Info: Imagens/taxa0001/confusaotaxa0001.png  used on input l
ine 281.
(pdftex.def)             Requested size: 318.66948pt x 275.47815pt.


Package fancyhdr Warning: \headheight is too small (12.0pt): 
(fancyhdr)                Make it at least 14.49998pt, for example:
(fancyhdr)                \setlength{\headheight}{14.49998pt}.
(fancyhdr)                You might also make \topmargin smaller to compensate:

(fancyhdr)                \addtolength{\topmargin}{-2.49998pt}.

[18 <./Imagens/taxa0001/fittaxa0001.png> <./Imagens/taxa0001/metricastaxa0001.p
ng>]
<Imagens/taxa04/fittaxa04.png, id=103, 764.6166pt x 542.025pt>
File: Imagens/taxa04/fittaxa04.png Graphic file (type png)
<use Imagens/taxa04/fittaxa04.png>
Package pdftex.def Info: Imagens/taxa04/fittaxa04.png  used on input line 295.
(pdftex.def)             Requested size: 500.77129pt x 354.99174pt.

Overfull \hbox (45.52718pt too wide) in paragraph at lines 295--296
 [][] 
 []

<Imagens/taxa04/metricastaxa04.png, id=104, 318.43968pt x 167.87718pt>
File: Imagens/taxa04/metricastaxa04.png Graphic file (type png)
<use Imagens/taxa04/metricastaxa04.png>
Package pdftex.def Info: Imagens/taxa04/metricastaxa04.png  used on input line 
301.
(pdftex.def)             Requested size: 318.66948pt x 167.99716pt.

Package fancyhdr Warning: \headheight is too small (12.0pt): 
(fancyhdr)                Make it at least 14.49998pt, for example:
(fancyhdr)                \setlength{\headheight}{14.49998pt}.
(fancyhdr)                You might also make \topmargin smaller to compensate:

(fancyhdr)                \addtolength{\topmargin}{-2.49998pt}.

[19 <./Imagens/taxa0001/confusaotaxa0001.png>]
<Imagens/taxa04/confusaotaxa04.png, id=110, 292.84406pt x 248.42813pt>
File: Imagens/taxa04/confusaotaxa04.png Graphic file (type png)
<use Imagens/taxa04/confusaotaxa04.png>
Package pdftex.def Info: Imagens/taxa04/confusaotaxa04.png  used on input line 
307.
(pdftex.def)             Requested size: 318.66948pt x 270.36432pt.


Package fancyhdr Warning: \headheight is too small (12.0pt): 
(fancyhdr)                Make it at least 14.49998pt, for example:
(fancyhdr)                \setlength{\headheight}{14.49998pt}.
(fancyhdr)                You might also make \topmargin smaller to compensate:

(fancyhdr)                \addtolength{\topmargin}{-2.49998pt}.

[20 <./Imagens/taxa04/fittaxa04.png> <./Imagens/taxa04/metricastaxa04.png>]

Package fancyhdr Warning: \headheight is too small (12.0pt): 
(fancyhdr)                Make it at least 14.49998pt, for example:
(fancyhdr)                \setlength{\headheight}{14.49998pt}.
(fancyhdr)                You might also make \topmargin smaller to compensate:

(fancyhdr)                \addtolength{\topmargin}{-2.49998pt}.

[21 <./Imagens/taxa04/confusaotaxa04.png>]
<Imagens/5neuronios/sumario5neuronios.png, id=120, 398.23781pt x 168.63pt>
File: Imagens/5neuronios/sumario5neuronios.png Graphic file (type png)
<use Imagens/5neuronios/sumario5neuronios.png>
Package pdftex.def Info: Imagens/5neuronios/sumario5neuronios.png  used on inpu
t line 326.
(pdftex.def)             Requested size: 318.66948pt x 134.94276pt.
<Imagens/5neuronios/fit5neuronios.png, id=121, 766.062pt x 542.025pt>
File: Imagens/5neuronios/fit5neuronios.png Graphic file (type png)
<use Imagens/5neuronios/fit5neuronios.png>
Package pdftex.def Info: Imagens/5neuronios/fit5neuronios.png  used on input li
ne 332.
(pdftex.def)             Requested size: 500.77129pt x 354.3301pt.

Overfull \hbox (45.52718pt too wide) in paragraph at lines 332--333
 [][] 
 []

<Imagens/5neuronios/metricas5neuronios.png, id=122, 328.22626pt x 164.86594pt>
File: Imagens/5neuronios/metricas5neuronios.png Graphic file (type png)
<use Imagens/5neuronios/metricas5neuronios.png>
Package pdftex.def Info: Imagens/5neuronios/metricas5neuronios.png  used on inp
ut line 338.
(pdftex.def)             Requested size: 318.66948pt x 160.06816pt.
<Imagens/5neuronios/confusao5neuronios.png, id=123, 286.06876pt x 246.1697pt>
File: Imagens/5neuronios/confusao5neuronios.png Graphic file (type png)
<use Imagens/5neuronios/confusao5neuronios.png>
Package pdftex.def Info: Imagens/5neuronios/confusao5neuronios.png  used on inp
ut line 344.
(pdftex.def)             Requested size: 318.66948pt x 274.22821pt.

Package fancyhdr Warning: \headheight is too small (12.0pt): 
(fancyhdr)                Make it at least 14.49998pt, for example:
(fancyhdr)                \setlength{\headheight}{14.49998pt}.
(fancyhdr)                You might also make \topmargin smaller to compensate:

(fancyhdr)                \addtolength{\topmargin}{-2.49998pt}.

[22 <./Imagens/5neuronios/sumario5neuronios.png> <./Imagens/5neuronios/fit5neur
onios.png>]

Package fancyhdr Warning: \headheight is too small (12.0pt): 
(fancyhdr)                Make it at least 14.49998pt, for example:
(fancyhdr)                \setlength{\headheight}{14.49998pt}.
(fancyhdr)                You might also make \topmargin smaller to compensate:

(fancyhdr)                \addtolength{\topmargin}{-2.49998pt}.

[23 <./Imagens/5neuronios/metricas5neuronios.png> <./Imagens/5neuronios/confusa
o5neuronios.png>]
<Imagens/50neuronios/sumario50neuronios.png, id=134, 395.97937pt x 169.38281pt>

File: Imagens/50neuronios/sumario50neuronios.png Graphic file (type png)
<use Imagens/50neuronios/sumario50neuronios.png>
Package pdftex.def Info: Imagens/50neuronios/sumario50neuronios.png  used on in
put line 359.
(pdftex.def)             Requested size: 318.66948pt x 136.31538pt.
<Imagens/50neuronios/fit50neuronios.png, id=135, 771.8436pt x 542.025pt>
File: Imagens/50neuronios/fit50neuronios.png Graphic file (type png)
<use Imagens/50neuronios/fit50neuronios.png>
Package pdftex.def Info: Imagens/50neuronios/fit50neuronios.png  used on input 
line 365.
(pdftex.def)             Requested size: 500.77129pt x 351.67523pt.

Overfull \hbox (45.52718pt too wide) in paragraph at lines 365--366
 [][] 
 []

<Imagens/50neuronios/metricas50neuronios.png, id=136, 319.94531pt x 173.14688pt
>
File: Imagens/50neuronios/metricas50neuronios.png Graphic file (type png)
<use Imagens/50neuronios/metricas50neuronios.png>
Package pdftex.def Info: Imagens/50neuronios/metricas50neuronios.png  used on i
nput line 371.
(pdftex.def)             Requested size: 318.66948pt x 172.45952pt.
<Imagens/50neuronios/confusao50neuronios.png, id=137, 289.08pt x 243.91125pt>
File: Imagens/50neuronios/confusao50neuronios.png Graphic file (type png)
<use Imagens/50neuronios/confusao50neuronios.png>
Package pdftex.def Info: Imagens/50neuronios/confusao50neuronios.png  used on i
nput line 377.
(pdftex.def)             Requested size: 318.66948pt x 268.89124pt.

Package fancyhdr Warning: \headheight is too small (12.0pt): 
(fancyhdr)                Make it at least 14.49998pt, for example:
(fancyhdr)                \setlength{\headheight}{14.49998pt}.
(fancyhdr)                You might also make \topmargin smaller to compensate:

(fancyhdr)                \addtolength{\topmargin}{-2.49998pt}.

[24 <./Imagens/50neuronios/sumario50neuronios.png> <./Imagens/50neuronios/fit50
neuronios.png>]

Package fancyhdr Warning: \headheight is too small (12.0pt): 
(fancyhdr)                Make it at least 14.49998pt, for example:
(fancyhdr)                \setlength{\headheight}{14.49998pt}.
(fancyhdr)                You might also make \topmargin smaller to compensate:

(fancyhdr)                \addtolength{\topmargin}{-2.49998pt}.

[25 <./Imagens/50neuronios/metricas50neuronios.png> <./Imagens/50neuronios/conf
usao50neuronios.png>]

Package fancyhdr Warning: \headheight is too small (12.0pt): 
(fancyhdr)                Make it at least 14.49998pt, for example:
(fancyhdr)                \setlength{\headheight}{14.49998pt}.
(fancyhdr)                You might also make \topmargin smaller to compensate:

(fancyhdr)                \addtolength{\topmargin}{-2.49998pt}.

[26] (Relatorio_ICA_Trab1_RedesNeurais.aux)

LaTeX Warning: There were undefined references.

 ) 
Here is how much of TeX's memory you used:
 4325 strings out of 479321
 66920 string characters out of 2856584
 384829 words of memory out of 3000000
 21703 multiletter control sequences out of 15000+600000
 410088 words of font info for 50 fonts, out of 8000000 for 9000
 1141 hyphenation exceptions out of 8191
 68i,11n,74p,1174b,358s stack positions out of 5000i,500n,10000p,200000b,80000s
<C:/Users/matno/AppData/Local/Programs/MiKTeX/fonts/type1/public/amsfonts/cm/
cmbx10.pfb><C:/Users/matno/AppData/Local/Programs/MiKTeX/fonts/type1/public/ams
fonts/cm/cmbx12.pfb><C:/Users/matno/AppData/Local/Programs/MiKTeX/fonts/type1/p
ublic/amsfonts/cm/cmr10.pfb><C:/Users/matno/AppData/Local/Programs/MiKTeX/fonts
/type1/public/amsfonts/cm/cmr12.pfb><C:/Users/matno/AppData/Local/Programs/MiKT
eX/fonts/type1/public/amsfonts/cm/cmti12.pfb><C:/Users/matno/AppData/Local/Prog
rams/MiKTeX/fonts/type1/public/amsfonts/cm/cmtt12.pfb>
Output written on Relatorio_ICA_Trab1_RedesNeurais.pdf (26 pages, 7831844 bytes
).
PDF statistics:
 173 PDF objects out of 1000 (max. 8388607)
 0 named destinations out of 1000 (max. 500000)
 156 words of extra memory for PDF output out of 10000 (max. 10000000)

